# JRE version: Java(TM) SE Runtime Environment (17.0.12+8) (build 17.0.12+8-LTS-286)
# Java VM: Java HotSpot(TM) 64-Bit Server VM (17.0.12+8-LTS-286, mixed mode, emulated-client, sharing, tiered, compressed oops, compressed class ptrs, g1 gc, windows-amd64)
GC Precious Log:
 CPUs: 8 total, 8 available
 Memory: 7901M
 Large Page Support: Disabled
 NUMA Support: Disabled
 Compressed Oops: Enabled (32-bit)
 Heap Region Size: 1M
 Heap Min Capacity: 8M
 Heap Initial Capacity: 124M
 Heap Max Capacity: 1976M
 Pre-touch: Disabled
 Parallel Workers: 8
 Concurrent Workers: 2
 Concurrent Refinement Workers: 8
 Periodic GC: Disabled
Heap:
 garbage-first heap   total 271360K, used 134948K [0x0000000084800000, 0x0000000100000000)
  region size 1024K, 9 young (9216K), 9 survivors (9216K)
 Metaspace       used 74563K, committed 75264K, reserved 1114112K
  class space    used 11205K, committed 11584K, reserved 1048576K
GC Heap History (20 events):
Event: 12.495 GC heap after
{Heap after GC invocations=19 (full 0):
 garbage-first heap   total 101376K, used 45481K [0x0000000084800000, 0x0000000100000000)
  region size 1024K, 4 young (4096K), 4 survivors (4096K)
 Metaspace       used 63585K, committed 64192K, reserved 1114112K
  class space    used 9473K, committed 9728K, reserved 1048576K
}
Event: 12.571 GC heap before
{Heap before GC invocations=19 (full 0):
 garbage-first heap   total 101376K, used 74153K [0x0000000084800000, 0x0000000100000000)
  region size 1024K, 31 young (31744K), 4 survivors (4096K)
 Metaspace       used 63585K, committed 64192K, reserved 1114112K
  class space    used 9473K, committed 9728K, reserved 1048576K
}
Event: 12.581 GC heap after
{Heap after GC invocations=20 (full 0):
 garbage-first heap   total 101376K, used 57716K [0x0000000084800000, 0x0000000100000000)
  region size 1024K, 4 young (4096K), 4 survivors (4096K)
 Metaspace       used 63585K, committed 64192K, reserved 1114112K
  class space    used 9473K, committed 9728K, reserved 1048576K
}
Event: 12.625 GC heap before
{Heap before GC invocations=20 (full 0):
 garbage-first heap   total 101376K, used 75124K [0x0000000084800000, 0x0000000100000000)
  region size 1024K, 21 young (21504K), 4 survivors (4096K)
 Metaspace       used 63586K, committed 64192K, reserved 1114112K
  class space    used 9473K, committed 9728K, reserved 1048576K
}
Event: 12.632 GC heap after
{Heap after GC invocations=21 (full 0):
 garbage-first heap   total 101376K, used 60632K [0x0000000084800000, 0x0000000100000000)
  region size 1024K, 2 young (2048K), 2 survivors (2048K)
 Metaspace       used 63586K, committed 64192K, reserved 1114112K
  class space    used 9473K, committed 9728K, reserved 1048576K
}
Event: 12.850 GC heap before
{Heap before GC invocations=22 (full 0):
 garbage-first heap   total 116736K, used 74968K [0x0000000084800000, 0x0000000100000000)
  region size 1024K, 18 young (18432K), 2 survivors (2048K)
 Metaspace       used 65319K, committed 65984K, reserved 1114112K
  class space    used 9853K, committed 10112K, reserved 1048576K
}
Event: 12.855 GC heap after
{Heap after GC invocations=23 (full 0):
 garbage-first heap   total 116736K, used 61747K [0x0000000084800000, 0x0000000100000000)
  region size 1024K, 3 young (3072K), 3 survivors (3072K)
 Metaspace       used 65319K, committed 65984K, reserved 1114112K
  class space    used 9853K, committed 10112K, reserved 1048576K
}
Event: 12.861 GC heap before
{Heap before GC invocations=23 (full 0):
 garbage-first heap   total 116736K, used 63795K [0x0000000084800000, 0x0000000100000000)
  region size 1024K, 5 young (5120K), 3 survivors (3072K)
 Metaspace       used 65319K, committed 65984K, reserved 1114112K
  class space    used 9853K, committed 10112K, reserved 1048576K
}
Event: 12.865 GC heap after
{Heap after GC invocations=24 (full 0):
 garbage-first heap   total 116736K, used 62867K [0x0000000084800000, 0x0000000100000000)
  region size 1024K, 1 young (1024K), 1 survivors (1024K)
 Metaspace       used 65319K, committed 65984K, reserved 1114112K
  class space    used 9853K, committed 10112K, reserved 1048576K
}
Event: 12.934 GC heap before
{Heap before GC invocations=24 (full 0):
 garbage-first heap   total 116736K, used 86419K [0x0000000084800000, 0x0000000100000000)
  region size 1024K, 25 young (25600K), 1 survivors (1024K)
 Metaspace       used 65319K, committed 65984K, reserved 1114112K
  class space    used 9853K, committed 10112K, reserved 1048576K
}
Event: 12.943 GC heap after
{Heap after GC invocations=25 (full 0):
 garbage-first heap   total 271360K, used 72614K [0x0000000084800000, 0x0000000100000000)
  region size 1024K, 4 young (4096K), 4 survivors (4096K)
 Metaspace       used 65319K, committed 65984K, reserved 1114112K
  class space    used 9853K, committed 10112K, reserved 1048576K
}
Event: 13.280 GC heap before
{Heap before GC invocations=26 (full 0):
 garbage-first heap   total 270336K, used 171942K [0x0000000084800000, 0x0000000100000000)
  region size 1024K, 103 young (105472K), 4 survivors (4096K)
 Metaspace       used 65331K, committed 65984K, reserved 1114112K
  class space    used 9853K, committed 10112K, reserved 1048576K
}
Event: 13.302 GC heap after
{Heap after GC invocations=27 (full 0):
 garbage-first heap   total 270336K, used 94877K [0x0000000084800000, 0x0000000100000000)
  region size 1024K, 13 young (13312K), 13 survivors (13312K)
 Metaspace       used 65331K, committed 65984K, reserved 1114112K
  class space    used 9853K, committed 10112K, reserved 1048576K
}
Event: 13.306 GC heap before
{Heap before GC invocations=27 (full 0):
 garbage-first heap   total 270336K, used 95901K [0x0000000084800000, 0x0000000100000000)
  region size 1024K, 14 young (14336K), 13 survivors (13312K)
 Metaspace       used 65331K, committed 65984K, reserved 1114112K
  class space    used 9853K, committed 10112K, reserved 1048576K
}
Event: 13.318 GC heap after
{Heap after GC invocations=28 (full 0):
 garbage-first heap   total 270336K, used 84578K [0x0000000084800000, 0x0000000100000000)
  region size 1024K, 2 young (2048K), 2 survivors (2048K)
 Metaspace       used 65331K, committed 65984K, reserved 1114112K
  class space    used 9853K, committed 10112K, reserved 1048576K
}
Event: 13.591 GC heap before
{Heap before GC invocations=28 (full 0):
 garbage-first heap   total 270336K, used 185954K [0x0000000084800000, 0x0000000100000000)
  region size 1024K, 99 young (101376K), 2 survivors (2048K)
 Metaspace       used 65331K, committed 65984K, reserved 1114112K
  class space    used 9853K, committed 10112K, reserved 1048576K
}
Event: 13.618 GC heap after
{Heap after GC invocations=29 (full 0):
 garbage-first heap   total 270336K, used 123443K [0x0000000084800000, 0x0000000100000000)
  region size 1024K, 13 young (13312K), 13 survivors (13312K)
 Metaspace       used 65331K, committed 65984K, reserved 1114112K
  class space    used 9853K, committed 10112K, reserved 1048576K
}
Event: 14.433 GC heap before
{Heap before GC invocations=29 (full 0):
 garbage-first heap   total 270336K, used 184883K [0x0000000084800000, 0x0000000100000000)
  region size 1024K, 73 young (74752K), 13 survivors (13312K)
 Metaspace       used 69215K, committed 69888K, reserved 1114112K
  class space    used 10430K, committed 10752K, reserved 1048576K
}
Event: 14.452 GC heap after
{Heap after GC invocations=30 (full 0):
 garbage-first heap   total 270336K, used 131006K [0x0000000084800000, 0x0000000100000000)
  region size 1024K, 6 young (6144K), 6 survivors (6144K)
 Metaspace       used 69215K, committed 69888K, reserved 1114112K
  class space    used 10430K, committed 10752K, reserved 1048576K
}
Event: 160.216 GC heap before
{Heap before GC invocations=30 (full 0):
 garbage-first heap   total 270336K, used 192446K [0x0000000084800000, 0x0000000100000000)
  region size 1024K, 67 young (68608K), 6 survivors (6144K)
 Metaspace       used 74563K, committed 75264K, reserved 1114112K
  class space    used 11205K, committed 11584K, reserved 1048576K
}

