# JRE version: Java(TM) SE Runtime Environment (17.0.12+8) (build 17.0.12+8-LTS-286)
# Java VM: Java HotSpot(TM) 64-Bit Server VM (17.0.12+8-LTS-286, mixed mode, emulated-client, sharing, tiered, compressed oops, compressed class ptrs, g1 gc, windows-amd64)
GC Precious Log:
 CPUs: 8 total, 8 available
 Memory: 7901M
 Large Page Support: Disabled
 NUMA Support: Disabled
 Compressed Oops: Enabled (32-bit)
 Heap Region Size: 1M
 Heap Min Capacity: 8M
 Heap Initial Capacity: 124M
 Heap Max Capacity: 1976M
 Pre-touch: Disabled
 Parallel Workers: 8
 Concurrent Workers: 2
 Concurrent Refinement Workers: 8
 Periodic GC: Disabled
Heap:
 garbage-first heap   total 277504K, used 142102K [0x0000000084800000, 0x0000000100000000)
  region size 1024K, 5 young (5120K), 5 survivors (5120K)
 Metaspace       used 69872K, committed 70528K, reserved 1114112K
  class space    used 10536K, committed 10816K, reserved 1048576K
GC Heap History (20 events):
Event: 14.426 GC heap after
{Heap after GC invocations=19 (full 0):
 garbage-first heap   total 81920K, used 37327K [0x0000000084800000, 0x0000000100000000)
  region size 1024K, 5 young (5120K), 5 survivors (5120K)
 Metaspace       used 63619K, committed 64256K, reserved 1114112K
  class space    used 9477K, committed 9728K, reserved 1048576K
}
Event: 14.498 GC heap before
{Heap before GC invocations=19 (full 0):
 garbage-first heap   total 81920K, used 61903K [0x0000000084800000, 0x0000000100000000)
  region size 1024K, 29 young (29696K), 5 survivors (5120K)
 Metaspace       used 63619K, committed 64256K, reserved 1114112K
  class space    used 9477K, committed 9728K, reserved 1048576K
}
Event: 14.508 GC heap after
{Heap after GC invocations=20 (full 0):
 garbage-first heap   total 81920K, used 45997K [0x0000000084800000, 0x0000000100000000)
  region size 1024K, 4 young (4096K), 4 survivors (4096K)
 Metaspace       used 63619K, committed 64256K, reserved 1114112K
  class space    used 9477K, committed 9728K, reserved 1048576K
}
Event: 14.536 GC heap before
{Heap before GC invocations=20 (full 0):
 garbage-first heap   total 81920K, used 52141K [0x0000000084800000, 0x0000000100000000)
  region size 1024K, 11 young (11264K), 4 survivors (4096K)
 Metaspace       used 63619K, committed 64256K, reserved 1114112K
  class space    used 9477K, committed 9728K, reserved 1048576K
}
Event: 14.542 GC heap after
{Heap after GC invocations=21 (full 0):
 garbage-first heap   total 129024K, used 49606K [0x0000000084800000, 0x0000000100000000)
  region size 1024K, 3 young (3072K), 3 survivors (3072K)
 Metaspace       used 63619K, committed 64256K, reserved 1114112K
  class space    used 9477K, committed 9728K, reserved 1048576K
}
Event: 14.692 GC heap before
{Heap before GC invocations=21 (full 0):
 garbage-first heap   total 129024K, used 87494K [0x0000000084800000, 0x0000000100000000)
  region size 1024K, 39 young (39936K), 3 survivors (3072K)
 Metaspace       used 63619K, committed 64256K, reserved 1114112K
  class space    used 9477K, committed 9728K, reserved 1048576K
}
Event: 14.705 GC heap after
{Heap after GC invocations=22 (full 0):
 garbage-first heap   total 129024K, used 62652K [0x0000000084800000, 0x0000000100000000)
  region size 1024K, 5 young (5120K), 5 survivors (5120K)
 Metaspace       used 63619K, committed 64256K, reserved 1114112K
  class space    used 9477K, committed 9728K, reserved 1048576K
}
Event: 14.997 GC heap before
{Heap before GC invocations=22 (full 0):
 garbage-first heap   total 129024K, used 90300K [0x0000000084800000, 0x0000000100000000)
  region size 1024K, 33 young (33792K), 5 survivors (5120K)
 Metaspace       used 65377K, committed 65984K, reserved 1114112K
  class space    used 9857K, committed 10112K, reserved 1048576K
}
Event: 15.007 GC heap after
{Heap after GC invocations=23 (full 0):
 garbage-first heap   total 129024K, used 70086K [0x0000000084800000, 0x0000000100000000)
  region size 1024K, 5 young (5120K), 5 survivors (5120K)
 Metaspace       used 65377K, committed 65984K, reserved 1114112K
  class space    used 9857K, committed 10112K, reserved 1048576K
}
Event: 15.136 GC heap before
{Heap before GC invocations=23 (full 0):
 garbage-first heap   total 143360K, used 92614K [0x0000000084800000, 0x0000000100000000)
  region size 1024K, 29 young (29696K), 5 survivors (5120K)
 Metaspace       used 65378K, committed 65984K, reserved 1114112K
  class space    used 9857K, committed 10112K, reserved 1048576K
}
Event: 15.146 GC heap after
{Heap after GC invocations=24 (full 0):
 garbage-first heap   total 143360K, used 75206K [0x0000000084800000, 0x0000000100000000)
  region size 1024K, 4 young (4096K), 4 survivors (4096K)
 Metaspace       used 65378K, committed 65984K, reserved 1114112K
  class space    used 9857K, committed 10112K, reserved 1048576K
}
Event: 15.231 GC heap before
{Heap before GC invocations=25 (full 0):
 garbage-first heap   total 143360K, used 104902K [0x0000000084800000, 0x0000000100000000)
  region size 1024K, 33 young (33792K), 4 survivors (4096K)
 Metaspace       used 65380K, committed 65984K, reserved 1114112K
  class space    used 9857K, committed 10112K, reserved 1048576K
}
Event: 15.240 GC heap after
{Heap after GC invocations=26 (full 0):
 garbage-first heap   total 277504K, used 76895K [0x0000000084800000, 0x0000000100000000)
  region size 1024K, 1 young (1024K), 1 survivors (1024K)
 Metaspace       used 65380K, committed 65984K, reserved 1114112K
  class space    used 9857K, committed 10112K, reserved 1048576K
}
Event: 15.278 GC heap before
{Heap before GC invocations=26 (full 0):
 garbage-first heap   total 277504K, used 89183K [0x0000000084800000, 0x0000000100000000)
  region size 1024K, 13 young (13312K), 1 survivors (1024K)
 Metaspace       used 65384K, committed 65984K, reserved 1114112K
  class space    used 9857K, committed 10112K, reserved 1048576K
}
Event: 15.282 GC heap after
{Heap after GC invocations=27 (full 0):
 garbage-first heap   total 277504K, used 78766K [0x0000000084800000, 0x0000000100000000)
  region size 1024K, 2 young (2048K), 2 survivors (2048K)
 Metaspace       used 65384K, committed 65984K, reserved 1114112K
  class space    used 9857K, committed 10112K, reserved 1048576K
}
Event: 16.200 GC heap before
{Heap before GC invocations=27 (full 0):
 garbage-first heap   total 277504K, used 188334K [0x0000000084800000, 0x0000000100000000)
  region size 1024K, 106 young (108544K), 2 survivors (2048K)
 Metaspace       used 65384K, committed 65984K, reserved 1114112K
  class space    used 9857K, committed 10112K, reserved 1048576K
}
Event: 16.239 GC heap after
{Heap after GC invocations=28 (full 0):
 garbage-first heap   total 277504K, used 123334K [0x0000000084800000, 0x0000000100000000)
  region size 1024K, 14 young (14336K), 14 survivors (14336K)
 Metaspace       used 65384K, committed 65984K, reserved 1114112K
  class space    used 9857K, committed 10112K, reserved 1048576K
}
Event: 16.580 GC heap before
{Heap before GC invocations=28 (full 0):
 garbage-first heap   total 277504K, used 184774K [0x0000000084800000, 0x0000000100000000)
  region size 1024K, 75 young (76800K), 14 survivors (14336K)
 Metaspace       used 66183K, committed 66880K, reserved 1114112K
  class space    used 10002K, committed 10304K, reserved 1048576K
}
Event: 16.604 GC heap after
{Heap after GC invocations=29 (full 0):
 garbage-first heap   total 277504K, used 135686K [0x0000000084800000, 0x0000000100000000)
  region size 1024K, 10 young (10240K), 10 survivors (10240K)
 Metaspace       used 66183K, committed 66880K, reserved 1114112K
  class space    used 10002K, committed 10304K, reserved 1048576K
}
Event: 18.426 GC heap before
{Heap before GC invocations=29 (full 0):
 garbage-first heap   total 277504K, used 195078K [0x0000000084800000, 0x0000000100000000)
  region size 1024K, 68 young (69632K), 10 survivors (10240K)
 Metaspace       used 69872K, committed 70528K, reserved 1114112K
  class space    used 10536K, committed 10816K, reserved 1048576K
}

